\BOOKMARK [1][-]{section.1}{\376\377\000I\000n\000t\000r\000o\000d\000u\000c\000t\000i\000o\000n}{}% 1
\BOOKMARK [1][-]{section.2}{\376\377\000R\000e\000l\000a\000t\000e\000d\000\040\000w\000o\000r\000k}{}% 2
\BOOKMARK [1][-]{section.3}{\376\377\000B\000a\000c\000k\000g\000r\000o\000u\000n\000d}{}% 3
\BOOKMARK [2][-]{subsection.3.1}{\376\377\000D\000e\000v\000O\000p\000s\000\040\000\046\000\040\000C\000o\000n\000t\000i\000n\000u\000o\000u\000s\000\040\000I\000n\000t\000e\000g\000r\000a\000t\000i\000o\000n}{section.3}% 4
\BOOKMARK [2][-]{subsection.3.2}{\376\377\000D\000e\000v\000S\000e\000c\000O\000p\000s}{section.3}% 5
\BOOKMARK [1][-]{section.4}{\376\377\000T\000o\000o\000l\000s}{}% 6
\BOOKMARK [2][-]{subsection.4.1}{\376\377\000S\000t\000a\000t\000i\000c\000\040\000a\000p\000p\000l\000i\000c\000a\000t\000i\000o\000n\000\040\000s\000e\000c\000u\000r\000i\000t\000y\000\040\000t\000e\000s\000t\000i\000n\000g\000\040\000\050\000S\000A\000S\000T\000\051}{section.4}% 7
\BOOKMARK [3][-]{subsubsection.4.1.1}{\376\377\000S\000o\000n\000a\000r\000Q\000u\000b\000e\000\040\000s\000a\000s\000t\0001}{subsection.4.1}% 8
\BOOKMARK [3][-]{subsubsection.4.1.2}{\376\377\000W\000h\000i\000t\000e\000S\000o\000u\000r\000c\000e\000\040\000s\000a\000s\000t\0002}{subsection.4.1}% 9
\BOOKMARK [3][-]{subsubsection.4.1.3}{\376\377\000V\000e\000r\000a\000c\000o\000d\000e\000\040\000s\000a\000s\000t\0003}{subsection.4.1}% 10
\BOOKMARK [3][-]{subsubsection.4.1.4}{\376\377\000C\000o\000d\000a\000c\000y\000\040\000s\000a\000s\000t\0004}{subsection.4.1}% 11
\BOOKMARK [3][-]{subsubsection.4.1.5}{\376\377\000A\000p\000p\000S\000c\000a\000n\000\040\000s\000a\000s\000t\0005}{subsection.4.1}% 12
\BOOKMARK [2][-]{subsection.4.2}{\376\377\000D\000y\000n\000a\000m\000i\000c\000\040\000a\000p\000p\000l\000i\000c\000a\000t\000i\000o\000n\000\040\000s\000e\000c\000u\000r\000i\000t\000y\000\040\000t\000e\000s\000t\000i\000n\000g\000\040\000\050\000D\000A\000S\000T\000\051}{section.4}% 13
\BOOKMARK [3][-]{subsubsection.4.2.1}{\376\377\000N\000e\000t\000S\000p\000a\000r\000k\000e\000r\000/\000I\000n\000v\000i\000c\000t\000i\000\040\000d\000a\000s\000t\0001}{subsection.4.2}% 14
\BOOKMARK [3][-]{subsubsection.4.2.2}{\376\377\000A\000c\000u\000n\000e\000t\000i\000x\000\040\000d\000a\000s\000t\0002}{subsection.4.2}% 15
\BOOKMARK [3][-]{subsubsection.4.2.3}{\376\377\000A\000s\000t\000r\000a\000P\000e\000n\000t\000e\000s\000t\000\040\000d\000a\000s\000t\0003}{subsection.4.2}% 16
\BOOKMARK [3][-]{subsubsection.4.2.4}{\376\377\000P\000o\000r\000t\000S\000w\000i\000g\000g\000e\000r\000\040\000B\000u\000r\000p\000S\000u\000i\000t\000e\000\040\000d\000a\000s\000t\0004}{subsection.4.2}% 17
\BOOKMARK [3][-]{subsubsection.4.2.5}{\376\377\000D\000e\000t\000e\000c\000t\000i\000f\000y\000\040\000d\000a\000s\000t\0005}{subsection.4.2}% 18
\BOOKMARK [3][-]{subsubsection.4.2.6}{\376\377\000O\000W\000A\000S\000P\000\040\000Z\000A\000P\000\040\000d\000a\000s\000t\0006}{subsection.4.2}% 19
\BOOKMARK [3][-]{subsubsection.4.2.7}{\376\377\000V\000e\000r\000a\000c\000o\000d\000e\000\040\000d\000a\000s\000t\0007}{subsection.4.2}% 20
\BOOKMARK [2][-]{subsection.4.3}{\376\377\000I\000n\000t\000e\000r\000a\000c\000t\000i\000v\000e\000\040\000a\000p\000p\000l\000i\000c\000a\000t\000i\000o\000n\000\040\000s\000e\000c\000u\000r\000i\000t\000y\000\040\000t\000e\000s\000t\000i\000n\000g\000\040\000\050\000I\000A\000S\000T\000\051}{section.4}% 21
\BOOKMARK [3][-]{subsubsection.4.3.1}{\376\377\000C\000o\000n\000t\000r\000a\000s\000t\000\040\000A\000s\000s\000e\000s\000\040\000i\000a\000s\000t\0001}{subsection.4.3}% 22
\BOOKMARK [3][-]{subsubsection.4.3.2}{\376\377\000S\000e\000e\000k\000e\000r\000\040\000i\000a\000s\000t\0002}{subsection.4.3}% 23
\BOOKMARK [3][-]{subsubsection.4.3.3}{\376\377\000N\000e\000t\000S\000p\000a\000r\000k\000e\000r\000/\000I\000n\000v\000i\000c\000t\000i\000\040\000d\000a\000s\000t\0001}{subsection.4.3}% 24
\BOOKMARK [3][-]{subsubsection.4.3.4}{\376\377\000A\000c\000u\000n\000e\000t\000i\000x\000\040\000d\000a\000s\000t\0002}{subsection.4.3}% 25
\BOOKMARK [3][-]{subsubsection.4.3.5}{\376\377\000V\000e\000r\000a\000c\000o\000d\000e\000\040\000d\000a\000s\000t\0007}{subsection.4.3}% 26
\BOOKMARK [1][-]{section.5}{\376\377\000D\000i\000s\000c\000u\000s\000s\000i\000o\000n}{}% 27
\BOOKMARK [2][-]{subsection.5.1}{\376\377\000S\000A\000S\000T}{section.5}% 28
\BOOKMARK [2][-]{subsection.5.2}{\376\377\000D\000A\000S\000T}{section.5}% 29
\BOOKMARK [2][-]{subsection.5.3}{\376\377\000I\000A\000S\000T}{section.5}% 30
\BOOKMARK [1][-]{section.6}{\376\377\000C\000o\000n\000c\000l\000u\000s\000i\000o\000n}{}% 31
\BOOKMARK [1][-]{section*.1}{\376\377\000R\000e\000f\000e\000r\000e\000n\000c\000e\000s}{}% 32
